v0.53 PER-SOURCE MORTALITY BREAKDOWN — 1-YEAR PROBE
====================================================
Date: 2026-04-29
Probe: scripts/_probe_v053_mortality_breakdown.py --years 1
Sim: example_tornionjoki, seed=42 (matches test_latitudinal_smolt_age_gradient)
Window: 2011-04-01 → 2012-03-31 (1 year smoke)
Walltime: ~5 minutes
Source: instrumentation hook in model_environment.py:_do_survival
        + numpy_backend.survival_with_breakdown (new method)

VERDICT: xfail's `mort_high_temp_T*` hypothesis is FALSIFIED.
  high-temp daily survival = 1.000000 in EVERY month.
  At Tornionjoki summer water temps (12-15°C), the T1=28/T9=24 logistic
  is fully inert.

DOMINANT KERNEL KILLER: terrestrial predation (mort_terr_pred_*).

  Summer 2011 (May–Sep, 153 days, ~1300 PARR avg):
    high-temp        : 1.000000   100.00% annualized (inert)
    stranding        : 1.000000   100.00% annualized (inert)
    condition (starv): 0.999268    76.50% annualized
    fish predation   : 0.998269    53.10% annualized
    terr predation   : 0.990054     2.59% annualized  ← DOMINANT

  cum_combined over 153 summer days = 1.49e-01 (14.9% PARR survive
  the kernel alone over one summer).

  Real Tornionjoki Atlantic salmon parr survival ≈ 30-50%/year.
  Implied daily survival for real population: 0.9967 - 0.9981.
  Observed daily kernel survival in summer: 0.990 (3-7× too aggressive).

PER-REACH terr_pred_min FLOORS (configs/example_tornionjoki.yaml):
  Mouth      : 0.97
  Lower      : 0.965
  Middle     : 0.97
  Upper      : 0.96
  BalticCoast: 0.995 (irrelevant — PARR don't go here)
  Floors are inSALMO-template defaults inherited from
  example_a/example_b warm-river calibration. Not Tornionjoki-tuned.

SEASONAL SIGNATURE:
  terr_pred daily survival drops to 0.987-0.992 in May–Sep,
  recovers to 0.997-1.000 in Oct–Apr. Shape is biologically
  correct (avian/mammal foraging seasonality) but magnitude is
  warm-river-tuned. Same shape as the lo_T mortality v0.52.2
  fixed for eggs — fixture-template baked in for the wrong climate.

==== MONTHLY BREAKDOWN (PARR-weighted mean daily survival) ====

 year  mo  days   avg_PARR       high-temp       stranding  condition (sta  fish predation  terr predation
------------------------------------------------------------------------------------------------------------
 2011   4    28      3,502        1.000000        1.000000        0.999655        0.997962        0.994031
 2011   5    31      2,576        1.000000        1.000000        0.999040        0.995187        0.991272
 2011   6    30      1,730        1.000000        1.000000        0.998890        0.998121        0.987703
 2011   7    31      1,058        0.999999        1.000000        0.999211        0.998937        0.988447
 2011   8    31        691        1.000000        1.000000        0.999536        0.999415        0.990225
 2011   9    30        504        1.000000        1.000000        0.999662        0.999731        0.992629
 2011  10    31        404        1.000000        1.000000        0.998934        0.999971        0.997496
 2011  11    30        364        1.000000        1.000000        0.997553        0.999998        0.999632
 2011  12    31        305        1.000000        1.000000        0.996243        0.999999        0.999733
 2012   1    31        250        1.000000        1.000000        0.994144        1.000000        0.999685
 2012   2    29        197        1.000000        1.000000        0.991983        1.000000        0.999307
 2012   3    31        107        1.000000        1.000000        0.990319        1.000000        0.997319

(2012-04 is a partial month; omitted from this summary.)

==== INTERPRETATION ====
  * high-temp:    inert at subarctic temps (T9=24°C never reached)
  * stranding:    inert (PARR cells have water year-round)
  * condition:    drops in winter (low food → lower body condition →
                  more starvation risk). Modest contributor.
  * fish predation: secondary, ~0.998 daily summer (53% annualized).
                  Driven by warmth on T-axis (T1=6/T9=2 → high at 12-15°C).
  * terr predation: PRIMARY summer killer, 78% summer mortality alone.
                  Driven by warmth-correlated daylight + small parr length
                  on shallow shelter cells. Floor 0.96-0.97 is too low.

==== RECOMMENDED FIX (v0.53.0) ====
Raise per-reach terr_pred_min in configs/example_tornionjoki.yaml from
0.96-0.97 to ~0.998 (matching real Tornionjoki parr survival of 30-50%/yr).
Same shape as v0.52.2's lo_T calibration — fixture-local override of a
template default that was never subarctic-appropriate.

Optionally tune fish_pred_min from 0.95-0.985 to ~0.999 to bring fish
predation in line as well; current ~53% annualized is on the low end of
plausible for Atlantic salmon parr in remote subarctic streams.

Confirmation: 3-year probe (~45 min walltime) running in background to
verify the 2013 natal-cohort summer also shows terr_pred dominance and
that the recommended floors give cumulative survival ~30%/yr.
